INFO main de.nrw.hbz.digitool.downloader.DigitoolDownloader - Create Directory /home/jan/zbmed/4406953 and start to Download files
INFO main de.nrw.hbz.digitool.downloader.DigitoolDownloader - Download 4406956 !
INFO main de.nrw.hbz.digitool.downloader.DigitoolDownloader - Create Directory /home/jan/zbmed/4406956 and start to Download files
INFO main de.nrw.hbz.digitool.downloader.DigitoolDownloader - Download 4406959 !
INFO main de.nrw.hbz.digitool.downloader.DigitoolDownloader - Create Directory /home/jan/zbmed/4406959 and start to Download files
INFO main de.nrw.hbz.digitool.downloader.DigitoolDownloader - Download 4406967 !
INFO main de.nrw.hbz.digitool.downloader.DigitoolDownloader - Create Directory /home/jan/zbmed/4406967 and start to Download files
INFO main de.nrw.hbz.digitool.downloader.DigitoolDownloader - Download 4406987 !
INFO main de.nrw.hbz.digitool.downloader.DigitoolDownloader - Create Directory /home/jan/zbmed/4406987 and start to Download files
INFO main de.nrw.hbz.digitool.downloader.DigitoolDownloader - Download 4406991 !
INFO main de.nrw.hbz.digitool.downloader.DigitoolDownloader - Create Directory /home/jan/zbmed/4406991 and start to Download files
INFO main de.nrw.hbz.digitool.downloader.DigitoolDownloader - Download 4406995 !
INFO main de.nrw.hbz.digitool.downloader.DigitoolDownloader - Create Directory /home/jan/zbmed/4406995 and start to Download files
INFO main de.nrw.hbz.digitool.downloader.DigitoolDownloader - Download 4406999 !
INFO main de.nrw.hbz.digitool.downloader.DigitoolDownloader - Create Directory /home/jan/zbmed/4406999 and start to Download files
INFO main de.nrw.hbz.digitool.downloader.DigitoolDownloader - Download 4407003 !
INFO main de.nrw.hbz.digitool.downloader.DigitoolDownloader - Create Directory /home/jan/zbmed/4407003 and start to Download files
INFO main de.nrw.hbz.digitool.downloader.DigitoolDownloader - Download 4407007 !
INFO main de.nrw.hbz.digitool.downloader.DigitoolDownloader - Create Directory /home/jan/zbmed/4407007 and start to Download files
INFO main de.nrw.hbz.digitool.downloader.DigitoolDownloader - Download 4407011 !
INFO main de.nrw.hbz.digitool.downloader.DigitoolDownloader - Create Directory /home/jan/zbmed/4407011 and start to Download files
INFO main de.nrw.hbz.digitool.downloader.DigitoolDownloader - Download 4407015 !
INFO main de.nrw.hbz.digitool.downloader.DigitoolDownloader - Create Directory /home/jan/zbmed/4407015 and start to Download files
INFO main de.nrw.hbz.digitool.downloader.DigitoolDownloader - Download 4407467 !
INFO main de.nrw.hbz.digitool.downloader.DigitoolDownloader - Create Directory /home/jan/zbmed/4407467 and start to Download files
INFO main de.nrw.hbz.digitool.downloader.DigitoolDownloader - Download 4407471 !
INFO main de.nrw.hbz.digitool.downloader.DigitoolDownloader - Create Directory /home/jan/zbmed/4407471 and start to Download files
INFO main de.nrw.hbz.digitool.downloader.DigitoolDownloader - Download 4408861 !
INFO main de.nrw.hbz.digitool.downloader.DigitoolDownloader - Create Directory /home/jan/zbmed/4408861 and start to Download files
INFO main de.nrw.hbz.digitool.downloader.DigitoolDownloader - Download 4409175 !
INFO main de.nrw.hbz.digitool.downloader.DigitoolDownloader - Create Directory /home/jan/zbmed/4409175 and start to Download files
INFO main de.nrw.hbz.digitool.downloader.DigitoolDownloader - Download 4409178 !
INFO main de.nrw.hbz.digitool.downloader.DigitoolDownloader - Create Directory /home/jan/zbmed/4409178 and start to Download files
INFO main de.nrw.hbz.digitool.downloader.DigitoolDownloader - Download 4409181 !
INFO main de.nrw.hbz.digitool.downloader.DigitoolDownloader - Create Directory /home/jan/zbmed/4409181 and start to Download files
INFO main de.nrw.hbz.digitool.downloader.DigitoolDownloader - Download 4409701 !
INFO main de.nrw.hbz.digitool.downloader.DigitoolDownloader - Create Directory /home/jan/zbmed/4409701 and start to Download files
INFO main de.nrw.hbz.digitool.downloader.DigitoolDownloader - Download 4409705 !
INFO main de.nrw.hbz.digitool.downloader.DigitoolDownloader - Create Directory /home/jan/zbmed/4409705 and start to Download files
INFO main de.nrw.hbz.digitool.downloader.DigitoolDownloader - Download 4409708 !
INFO main de.nrw.hbz.digitool.downloader.DigitoolDownloader - Create Directory /home/jan/zbmed/4409708 and start to Download files
INFO main de.nrw.hbz.digitool.downloader.DigitoolDownloader - Download 4409712 !
INFO main de.nrw.hbz.digitool.downloader.DigitoolDownloader - Create Directory /home/jan/zbmed/4409712 and start to Download files
INFO main de.nrw.hbz.digitool.downloader.DigitoolDownloader - Download 4409715 !
INFO main de.nrw.hbz.digitool.downloader.DigitoolDownloader - Create Directory /home/jan/zbmed/4409715 and start to Download files
INFO main de.nrw.hbz.digitool.downloader.DigitoolDownloader - Download 4409718 !
INFO main de.nrw.hbz.digitool.downloader.DigitoolDownloader - Create Directory /home/jan/zbmed/4409718 and start to Download files
INFO main de.nrw.hbz.digitool.downloader.DigitoolDownloader - Download 4409722 !
INFO main de.nrw.hbz.digitool.downloader.DigitoolDownloader - Create Directory /home/jan/zbmed/4409722 and start to Download files
INFO main de.nrw.hbz.digitool.downloader.DigitoolDownloader - Download 4414237 !
INFO main de.nrw.hbz.digitool.downloader.DigitoolDownloader - Create Directory /home/jan/zbmed/4414237 and start to Download files
INFO main de.nrw.hbz.digitool.downloader.DigitoolDownloader - Download 4414240 !
INFO main de.nrw.hbz.digitool.downloader.DigitoolDownloader - Create Directory /home/jan/zbmed/4414240 and start to Download files
INFO main de.nrw.hbz.digitool.downloader.DigitoolDownloader - Download 4414244 !
INFO main de.nrw.hbz.digitool.downloader.DigitoolDownloader - Create Directory /home/jan/zbmed/4414244 and start to Download files
INFO main de.nrw.hbz.digitool.downloader.DigitoolDownloader - Download 4414248 !
INFO main de.nrw.hbz.digitool.downloader.DigitoolDownloader - Create Directory /home/jan/zbmed/4414248 and start to Download files
INFO main de.nrw.hbz.digitool.downloader.DigitoolDownloader - Download 4414252 !
INFO main de.nrw.hbz.digitool.downloader.DigitoolDownloader - Create Directory /home/jan/zbmed/4414252 and start to Download files
INFO main de.nrw.hbz.digitool.downloader.DigitoolDownloader - Download 4414256 !
INFO main de.nrw.hbz.digitool.downloader.DigitoolDownloader - Create Directory /home/jan/zbmed/4414256 and start to Download files
INFO main de.nrw.hbz.digitool.downloader.DigitoolDownloader - Download 4414257 !
INFO main de.nrw.hbz.digitool.downloader.DigitoolDownloader - Create Directory /home/jan/zbmed/4414257 and start to Download files
INFO main de.nrw.hbz.digitool.downloader.DigitoolDownloader - Download 4414266 !
INFO main de.nrw.hbz.digitool.downloader.DigitoolDownloader - Create Directory /home/jan/zbmed/4414266 and start to Download files
INFO main de.nrw.hbz.digitool.downloader.DigitoolDownloader - Download 4414272 !
INFO main de.nrw.hbz.digitool.downloader.DigitoolDownloader - Create Directory /home/jan/zbmed/4414272 and start to Download files
INFO main de.nrw.hbz.digitool.downloader.DigitoolDownloader - Download 4414276 !
INFO main de.nrw.hbz.digitool.downloader.DigitoolDownloader - Create Directory /home/jan/zbmed/4414276 and start to Download files
INFO main de.nrw.hbz.digitool.downloader.DigitoolDownloader - Download 4414280 !
INFO main de.nrw.hbz.digitool.downloader.DigitoolDownloader - Create Directory /home/jan/zbmed/4414280 and start to Download files
INFO main de.nrw.hbz.digitool.downloader.DigitoolDownloader - Download 4414284 !
INFO main de.nrw.hbz.digitool.downloader.DigitoolDownloader - Create Directory /home/jan/zbmed/4414284 and start to Download files
INFO main de.nrw.hbz.digitool.downloader.DigitoolDownloader - Download 4414287 !
INFO main de.nrw.hbz.digitool.downloader.DigitoolDownloader - Create Directory /home/jan/zbmed/4414287 and start to Download files
INFO main de.nrw.hbz.digitool.downloader.DigitoolDownloader - Download 4417590 !
INFO main de.nrw.hbz.digitool.downloader.DigitoolDownloader - Create Directory /home/jan/zbmed/4417590 and start to Download files
INFO main de.nrw.hbz.digitool.downloader.DigitoolDownloader - Download 4417741 !
INFO main de.nrw.hbz.digitool.downloader.DigitoolDownloader - Create Directory /home/jan/zbmed/4417741 and start to Download files
INFO main de.nrw.hbz.digitool.pidreporter.OaiPidGrabber - Start harvesting http://klio.hbz-nrw.de:1801/zbmedOAI/ !
INFO main de.nrw.hbz.digitool.pidreporter.OaiPidGrabber - Harvest all Records from 2012-03-02T08:24:19Z !
INFO main de.nrw.hbz.digitool.pidreporter.OaiPidGrabber - Set spec is zbmed-oai_dc-all !
INFO main de.nrw.hbz.digitool.pidreporter.OaiPidGrabber - Harvest Date 2012-03-27T11:18:24Z !
INFO main de.nrw.hbz.digitool.pidreporter.OaiPidGrabber - Found 142 pids !
INFO main de.nrw.hbz.digitool.downloader.DigitoolDownloader - Download 2413216 !
INFO main de.nrw.hbz.digitool.downloader.DigitoolDownloader - Directory /home/jan/zbmed/2413216 exists. Force override.
INFO main de.nrw.hbz.digitool.downloader.DigitoolDownloader - Download 2413256 !
INFO main de.nrw.hbz.digitool.downloader.DigitoolDownloader - Directory /home/jan/zbmed/2413256 exists. Force override.
INFO main de.nrw.hbz.digitool.downloader.DigitoolDownloader - Download 2413265 !
INFO main de.nrw.hbz.digitool.downloader.DigitoolDownloader - Directory /home/jan/zbmed/2413265 exists. Force override.
INFO main de.nrw.hbz.digitool.downloader.DigitoolDownloader - Download 2413302 !
INFO main de.nrw.hbz.digitool.downloader.DigitoolDownloader - Directory /home/jan/zbmed/2413302 exists. Force override.
INFO main de.nrw.hbz.digitool.downloader.DigitoolDownloader - Download 2470087 !
INFO main de.nrw.hbz.digitool.downloader.DigitoolDownloader - Directory /home/jan/zbmed/2470087 exists. Force override.
INFO main de.nrw.hbz.digitool.downloader.DigitoolDownloader - Download 4373576 !
INFO main de.nrw.hbz.digitool.downloader.DigitoolDownloader - Directory /home/jan/zbmed/4373576 exists. Force override.
INFO main de.nrw.hbz.digitool.downloader.DigitoolDownloader - Download 4414248 !
INFO main de.nrw.hbz.digitool.downloader.DigitoolDownloader - Directory /home/jan/zbmed/4414248 exists. Force override.
INFO main de.nrw.hbz.digitool.downloader.DigitoolDownloader - Download 4414276 !
INFO main de.nrw.hbz.digitool.downloader.DigitoolDownloader - Directory /home/jan/zbmed/4414276 exists. Force override.
INFO main de.nrw.hbz.digitool.downloader.DigitoolDownloader - Download 4414284 !
INFO main de.nrw.hbz.digitool.downloader.DigitoolDownloader - Directory /home/jan/zbmed/4414284 exists. Force override.
INFO main de.nrw.hbz.digitool.downloader.DigitoolDownloader - Download 2413232 !
INFO main de.nrw.hbz.digitool.downloader.DigitoolDownloader - Directory /home/jan/zbmed/2413232 exists. Force override.
INFO main de.nrw.hbz.digitool.downloader.DigitoolDownloader - Download 2413234 !
INFO main de.nrw.hbz.digitool.downloader.DigitoolDownloader - Directory /home/jan/zbmed/2413234 exists. Force override.
INFO main de.nrw.hbz.digitool.downloader.DigitoolDownloader - Download 2413344 !
INFO main de.nrw.hbz.digitool.downloader.DigitoolDownloader - Directory /home/jan/zbmed/2413344 exists. Force override.
INFO main de.nrw.hbz.digitool.downloader.DigitoolDownloader - Download 2413347 !
INFO main de.nrw.hbz.digitool.downloader.DigitoolDownloader - Directory /home/jan/zbmed/2413347 exists. Force override.
INFO main de.nrw.hbz.digitool.downloader.DigitoolDownloader - Download 4409175 !
INFO main de.nrw.hbz.digitool.downloader.DigitoolDownloader - Directory /home/jan/zbmed/4409175 exists. Force override.
INFO main de.nrw.hbz.digitool.downloader.DigitoolDownloader - Download 4414287 !
INFO main de.nrw.hbz.digitool.downloader.DigitoolDownloader - Directory /home/jan/zbmed/4414287 exists. Force override.
INFO main de.nrw.hbz.digitool.downloader.DigitoolDownloader - Download 4418878 !
INFO main de.nrw.hbz.digitool.downloader.DigitoolDownloader - Create Directory /home/jan/zbmed/4418878 and start to Download files
INFO main de.nrw.hbz.digitool.downloader.DigitoolDownloader - Download 4421033 !
INFO main de.nrw.hbz.digitool.downloader.DigitoolDownloader - Create Directory /home/jan/zbmed/4421033 and start to Download files
INFO main de.nrw.hbz.digitool.downloader.DigitoolDownloader - Download 4421227 !
INFO main de.nrw.hbz.digitool.downloader.DigitoolDownloader - Create Directory /home/jan/zbmed/4421227 and start to Download files
INFO main de.nrw.hbz.digitool.downloader.DigitoolDownloader - Download 4421867 !
INFO main de.nrw.hbz.digitool.downloader.DigitoolDownloader - Directory /home/jan/zbmed/4421867 exists. Force override.
INFO main de.nrw.hbz.digitool.downloader.DigitoolDownloader - Download 4424355 !
INFO main de.nrw.hbz.digitool.downloader.DigitoolDownloader - Directory /home/jan/zbmed/4424355 exists. Force override.
INFO main de.nrw.hbz.digitool.downloader.DigitoolDownloader - Download 4424363 !
INFO main de.nrw.hbz.digitool.downloader.DigitoolDownloader - Directory /home/jan/zbmed/4424363 exists. Force override.
INFO main de.nrw.hbz.digitool.downloader.DigitoolDownloader - Download 4424366 !
INFO main de.nrw.hbz.digitool.downloader.DigitoolDownloader - Directory /home/jan/zbmed/4424366 exists. Force override.
INFO main de.nrw.hbz.digitool.downloader.DigitoolDownloader - Download 4424375 !
INFO main de.nrw.hbz.digitool.downloader.DigitoolDownloader - Directory /home/jan/zbmed/4424375 exists. Force override.
INFO main de.nrw.hbz.digitool.downloader.DigitoolDownloader - Download 4424382 !
INFO main de.nrw.hbz.digitool.downloader.DigitoolDownloader - Directory /home/jan/zbmed/4424382 exists. Force override.
INFO main de.nrw.hbz.digitool.downloader.DigitoolDownloader - Download 4424391 !
INFO main de.nrw.hbz.digitool.downloader.DigitoolDownloader - Directory /home/jan/zbmed/4424391 exists. Force override.
INFO main de.nrw.hbz.digitool.downloader.DigitoolDownloader - Download 4424394 !
INFO main de.nrw.hbz.digitool.downloader.DigitoolDownloader - Directory /home/jan/zbmed/4424394 exists. Force override.
INFO main de.nrw.hbz.digitool.downloader.DigitoolDownloader - Download 3286072 !
INFO main de.nrw.hbz.digitool.downloader.DigitoolDownloader - Directory /home/jan/zbmed/3286072 exists. Force override.
INFO main de.nrw.hbz.digitool.downloader.DigitoolDownloader - Download 3286082 !
INFO main de.nrw.hbz.digitool.downloader.DigitoolDownloader - Directory /home/jan/zbmed/3286082 exists. Force override.
INFO main de.nrw.hbz.digitool.downloader.DigitoolDownloader - Download 4424359 !
INFO main de.nrw.hbz.digitool.downloader.DigitoolDownloader - Directory /home/jan/zbmed/4424359 exists. Force override.
INFO main de.nrw.hbz.digitool.downloader.DigitoolDownloader - Download 4424371 !
INFO main de.nrw.hbz.digitool.downloader.DigitoolDownloader - Directory /home/jan/zbmed/4424371 exists. Force override.
INFO main de.nrw.hbz.digitool.downloader.DigitoolDownloader - Download 4424387 !
INFO main de.nrw.hbz.digitool.downloader.DigitoolDownloader - Directory /home/jan/zbmed/4424387 exists. Force override.
INFO main de.nrw.hbz.digitool.downloader.DigitoolDownloader - Download 4425067 !
INFO main de.nrw.hbz.digitool.downloader.DigitoolDownloader - Directory /home/jan/zbmed/4425067 exists. Force override.
INFO main de.nrw.hbz.digitool.downloader.DigitoolDownloader - Download 4425069 !
INFO main de.nrw.hbz.digitool.downloader.DigitoolDownloader - Directory /home/jan/zbmed/4425069 exists. Force override.
INFO main de.nrw.hbz.digitool.downloader.DigitoolDownloader - Download 4425076 !
INFO main de.nrw.hbz.digitool.downloader.DigitoolDownloader - Directory /home/jan/zbmed/4425076 exists. Force override.
INFO main de.nrw.hbz.digitool.downloader.DigitoolDownloader - Download 4425079 !
INFO main de.nrw.hbz.digitool.downloader.DigitoolDownloader - Create Directory /home/jan/zbmed/4425079 and start to Download files
INFO main de.nrw.hbz.digitool.downloader.DigitoolDownloader - Download 4424379 !
INFO main de.nrw.hbz.digitool.downloader.DigitoolDownloader - Directory /home/jan/zbmed/4424379 exists. Force override.
INFO main de.nrw.hbz.digitool.downloader.DigitoolDownloader - Download 2413219 !
INFO main de.nrw.hbz.digitool.downloader.DigitoolDownloader - Directory /home/jan/zbmed/2413219 exists. Force override.
INFO main de.nrw.hbz.digitool.downloader.DigitoolDownloader - Download 2413240 !
INFO main de.nrw.hbz.digitool.downloader.DigitoolDownloader - Directory /home/jan/zbmed/2413240 exists. Force override.
INFO main de.nrw.hbz.digitool.downloader.DigitoolDownloader - Download 2413251 !
INFO main de.nrw.hbz.digitool.downloader.DigitoolDownloader - Directory /home/jan/zbmed/2413251 exists. Force override.
INFO main de.nrw.hbz.digitool.downloader.DigitoolDownloader - Download 2413260 !
INFO main de.nrw.hbz.digitool.downloader.DigitoolDownloader - Directory /home/jan/zbmed/2413260 exists. Force override.
INFO main de.nrw.hbz.digitool.downloader.DigitoolDownloader - Download 2413276 !
INFO main de.nrw.hbz.digitool.downloader.DigitoolDownloader - Directory /home/jan/zbmed/2413276 exists. Force override.
INFO main de.nrw.hbz.digitool.downloader.DigitoolDownloader - Download 2413281 !
INFO main de.nrw.hbz.digitool.downloader.DigitoolDownloader - Directory /home/jan/zbmed/2413281 exists. Force override.
INFO main de.nrw.hbz.digitool.downloader.DigitoolDownloader - Download 2413296 !
INFO main de.nrw.hbz.digitool.downloader.DigitoolDownloader - Directory /home/jan/zbmed/2413296 exists. Force override.
INFO main de.nrw.hbz.digitool.downloader.DigitoolDownloader - Download 2413300 !
INFO main de.nrw.hbz.digitool.downloader.DigitoolDownloader - Directory /home/jan/zbmed/2413300 exists. Force override.
INFO main de.nrw.hbz.digitool.downloader.DigitoolDownloader - Download 2413316 !
INFO main de.nrw.hbz.digitool.downloader.DigitoolDownloader - Directory /home/jan/zbmed/2413316 exists. Force override.
INFO main de.nrw.hbz.digitool.downloader.DigitoolDownloader - Download 2413320 !
INFO main de.nrw.hbz.digitool.downloader.DigitoolDownloader - Directory /home/jan/zbmed/2413320 exists. Force override.
INFO main de.nrw.hbz.digitool.downloader.DigitoolDownloader - Download 2413322 !
INFO main de.nrw.hbz.digitool.downloader.DigitoolDownloader - Directory /home/jan/zbmed/2413322 exists. Force override.
INFO main de.nrw.hbz.digitool.downloader.DigitoolDownloader - Download 2413352 !
INFO main de.nrw.hbz.digitool.downloader.DigitoolDownloader - Directory /home/jan/zbmed/2413352 exists. Force override.
INFO main de.nrw.hbz.digitool.downloader.DigitoolDownloader - Download 2413360 !
INFO main de.nrw.hbz.digitool.downloader.DigitoolDownloader - Directory /home/jan/zbmed/2413360 exists. Force override.
INFO main de.nrw.hbz.digitool.downloader.DigitoolDownloader - Download 3791429 !
INFO main de.nrw.hbz.digitool.downloader.DigitoolDownloader - Directory /home/jan/zbmed/3791429 exists. Force override.
INFO main de.nrw.hbz.digitool.downloader.DigitoolDownloader - Download 4406634 !
INFO main de.nrw.hbz.digitool.downloader.DigitoolDownloader - Directory /home/jan/zbmed/4406634 exists. Force override.
INFO main de.nrw.hbz.digitool.downloader.DigitoolDownloader - Download 4408861 !
INFO main de.nrw.hbz.digitool.downloader.DigitoolDownloader - Directory /home/jan/zbmed/4408861 exists. Force override.
INFO main de.nrw.hbz.digitool.downloader.DigitoolDownloader - Download 4409178 !
INFO main de.nrw.hbz.digitool.downloader.DigitoolDownloader - Directory /home/jan/zbmed/4409178 exists. Force override.
INFO main de.nrw.hbz.digitool.downloader.DigitoolDownloader - Download 4414237 !
INFO main de.nrw.hbz.digitool.downloader.DigitoolDownloader - Directory /home/jan/zbmed/4414237 exists. Force override.
INFO main de.nrw.hbz.digitool.downloader.DigitoolDownloader - Download 4414244 !
INFO main de.nrw.hbz.digitool.downloader.DigitoolDownloader - Directory /home/jan/zbmed/4414244 exists. Force override.
INFO main de.nrw.hbz.digitool.downloader.DigitoolDownloader - Download 4414252 !
INFO main de.nrw.hbz.digitool.downloader.DigitoolDownloader - Directory /home/jan/zbmed/4414252 exists. Force override.
INFO main de.nrw.hbz.digitool.downloader.DigitoolDownloader - Download 4414256 !
INFO main de.nrw.hbz.digitool.downloader.DigitoolDownloader - Directory /home/jan/zbmed/4414256 exists. Force override.
INFO main de.nrw.hbz.digitool.downloader.DigitoolDownloader - Download 4414272 !
INFO main de.nrw.hbz.digitool.downloader.DigitoolDownloader - Directory /home/jan/zbmed/4414272 exists. Force override.
INFO main de.nrw.hbz.digitool.downloader.DigitoolDownloader - Download 4414280 !
INFO main de.nrw.hbz.digitool.downloader.DigitoolDownloader - Directory /home/jan/zbmed/4414280 exists. Force override.
INFO main de.nrw.hbz.digitool.downloader.DigitoolDownloader - Download 4417590 !
INFO main de.nrw.hbz.digitool.downloader.DigitoolDownloader - Directory /home/jan/zbmed/4417590 exists. Force override.
INFO main de.nrw.hbz.digitool.downloader.DigitoolDownloader - Download 4417741 !
INFO main de.nrw.hbz.digitool.downloader.DigitoolDownloader - Directory /home/jan/zbmed/4417741 exists. Force override.
INFO main de.nrw.hbz.digitool.downloader.DigitoolDownloader - Download 4425087 !
INFO main de.nrw.hbz.digitool.downloader.DigitoolDownloader - Create Directory /home/jan/zbmed/4425087 and start to Download files
INFO main de.nrw.hbz.digitool.downloader.DigitoolDownloader - Download 4421228 !
INFO main de.nrw.hbz.digitool.downloader.DigitoolDownloader - Directory /home/jan/zbmed/4421228 exists. Force override.
INFO main de.nrw.hbz.digitool.downloader.DigitoolDownloader - Download 4421232 !
INFO main de.nrw.hbz.digitool.downloader.DigitoolDownloader - Directory /home/jan/zbmed/4421232 exists. Force override.
INFO main de.nrw.hbz.digitool.downloader.DigitoolDownloader - Download 4421233 !
INFO main de.nrw.hbz.digitool.downloader.DigitoolDownloader - Directory /home/jan/zbmed/4421233 exists. Force override.
INFO main de.nrw.hbz.digitool.downloader.DigitoolDownloader - Download 4421237 !
INFO main de.nrw.hbz.digitool.downloader.DigitoolDownloader - Directory /home/jan/zbmed/4421237 exists. Force override.
INFO main de.nrw.hbz.digitool.downloader.DigitoolDownloader - Download 4421238 !
INFO main de.nrw.hbz.digitool.downloader.DigitoolDownloader - Directory /home/jan/zbmed/4421238 exists. Force override.
INFO main de.nrw.hbz.digitool.downloader.DigitoolDownloader - Download 4421243 !
INFO main de.nrw.hbz.digitool.downloader.DigitoolDownloader - Directory /home/jan/zbmed/4421243 exists. Force override.
INFO main de.nrw.hbz.digitool.downloader.DigitoolDownloader - Download 4421246 !
INFO main de.nrw.hbz.digitool.downloader.DigitoolDownloader - Directory /home/jan/zbmed/4421246 exists. Force override.
INFO main de.nrw.hbz.digitool.downloader.DigitoolDownloader - Download 4421250 !
INFO main de.nrw.hbz.digitool.downloader.DigitoolDownloader - Directory /home/jan/zbmed/4421250 exists. Force override.
INFO main de.nrw.hbz.digitool.downloader.DigitoolDownloader - Download 4421254 !
INFO main de.nrw.hbz.digitool.downloader.DigitoolDownloader - Directory /home/jan/zbmed/4421254 exists. Force override.
INFO main de.nrw.hbz.digitool.downloader.DigitoolDownloader - Download 4421255 !
INFO main de.nrw.hbz.digitool.downloader.DigitoolDownloader - Create Directory /home/jan/zbmed/4421255 and start to Download files
INFO main de.nrw.hbz.digitool.downloader.DigitoolDownloader - Download 4421262 !
INFO main de.nrw.hbz.digitool.downloader.DigitoolDownloader - Create Directory /home/jan/zbmed/4421262 and start to Download files
INFO main de.nrw.hbz.digitool.downloader.DigitoolDownloader - Download 4421266 !
INFO main de.nrw.hbz.digitool.downloader.DigitoolDownloader - Create Directory /home/jan/zbmed/4421266 and start to Download files
INFO main de.nrw.hbz.digitool.downloader.DigitoolDownloader - Download 4425068 !
INFO main de.nrw.hbz.digitool.downloader.DigitoolDownloader - Create Directory /home/jan/zbmed/4425068 and start to Download files
INFO main de.nrw.hbz.digitool.downloader.DigitoolDownloader - Download 4425088 !
INFO main de.nrw.hbz.digitool.downloader.DigitoolDownloader - Create Directory /home/jan/zbmed/4425088 and start to Download files
INFO main de.nrw.hbz.digitool.downloader.DigitoolDownloader - Download 4425095 !
INFO main de.nrw.hbz.digitool.downloader.DigitoolDownloader - Create Directory /home/jan/zbmed/4425095 and start to Download files
INFO main de.nrw.hbz.digitool.downloader.DigitoolDownloader - Download 4425099 !
INFO main de.nrw.hbz.digitool.downloader.DigitoolDownloader - Create Directory /home/jan/zbmed/4425099 and start to Download files
INFO main de.nrw.hbz.digitool.downloader.DigitoolDownloader - Download 4425102 !
INFO main de.nrw.hbz.digitool.downloader.DigitoolDownloader - Create Directory /home/jan/zbmed/4425102 and start to Download files
INFO main de.nrw.hbz.digitool.downloader.DigitoolDownloader - Download 4429387 !
INFO main de.nrw.hbz.digitool.downloader.DigitoolDownloader - Create Directory /home/jan/zbmed/4429387 and start to Download files
INFO main de.nrw.hbz.digitool.downloader.DigitoolDownloader - Download 4429390 !
INFO main de.nrw.hbz.digitool.downloader.DigitoolDownloader - Create Directory /home/jan/zbmed/4429390 and start to Download files
INFO main de.nrw.hbz.digitool.downloader.DigitoolDownloader - Download 4429396 !
INFO main de.nrw.hbz.digitool.downloader.DigitoolDownloader - Create Directory /home/jan/zbmed/4429396 and start to Download files
INFO main de.nrw.hbz.digitool.downloader.DigitoolDownloader - Download 4429393 !
INFO main de.nrw.hbz.digitool.downloader.DigitoolDownloader - Create Directory /home/jan/zbmed/4429393 and start to Download files
INFO main de.nrw.hbz.digitool.downloader.DigitoolDownloader - Download 4429397 !
INFO main de.nrw.hbz.digitool.downloader.DigitoolDownloader - Create Directory /home/jan/zbmed/4429397 and start to Download files
INFO main de.nrw.hbz.digitool.downloader.DigitoolDownloader - Download 4429400 !
INFO main de.nrw.hbz.digitool.downloader.DigitoolDownloader - Create Directory /home/jan/zbmed/4429400 and start to Download files
INFO main de.nrw.hbz.digitool.downloader.DigitoolDownloader - Download 4429403 !
INFO main de.nrw.hbz.digitool.downloader.DigitoolDownloader - Create Directory /home/jan/zbmed/4429403 and start to Download files
INFO main de.nrw.hbz.digitool.downloader.DigitoolDownloader - Download 2413243 !
INFO main de.nrw.hbz.digitool.downloader.DigitoolDownloader - Directory /home/jan/zbmed/2413243 exists. Force override.
INFO main de.nrw.hbz.digitool.downloader.DigitoolDownloader - Download 2413245 !
INFO main de.nrw.hbz.digitool.downloader.DigitoolDownloader - Directory /home/jan/zbmed/2413245 exists. Force override.
INFO main de.nrw.hbz.digitool.downloader.DigitoolDownloader - Download 2413266 !
INFO main de.nrw.hbz.digitool.downloader.DigitoolDownloader - Directory /home/jan/zbmed/2413266 exists. Force override.
INFO main de.nrw.hbz.digitool.downloader.DigitoolDownloader - Download 2413287 !
INFO main de.nrw.hbz.digitool.downloader.DigitoolDownloader - Directory /home/jan/zbmed/2413287 exists. Force override.
INFO main de.nrw.hbz.digitool.downloader.DigitoolDownloader - Download 2413292 !
INFO main de.nrw.hbz.digitool.downloader.DigitoolDownloader - Directory /home/jan/zbmed/2413292 exists. Force override.
INFO main de.nrw.hbz.digitool.downloader.DigitoolDownloader - Download 2413301 !
INFO main de.nrw.hbz.digitool.downloader.DigitoolDownloader - Directory /home/jan/zbmed/2413301 exists. Force override.
INFO main de.nrw.hbz.digitool.downloader.DigitoolDownloader - Download 2413312 !
INFO main de.nrw.hbz.digitool.downloader.DigitoolDownloader - Directory /home/jan/zbmed/2413312 exists. Force override.
INFO main de.nrw.hbz.digitool.downloader.DigitoolDownloader - Download 2413338 !
INFO main de.nrw.hbz.digitool.downloader.DigitoolDownloader - Directory /home/jan/zbmed/2413338 exists. Force override.
INFO main de.nrw.hbz.digitool.downloader.DigitoolDownloader - Download 2413329 !
INFO main de.nrw.hbz.digitool.downloader.DigitoolDownloader - Directory /home/jan/zbmed/2413329 exists. Force override.
INFO main de.nrw.hbz.digitool.downloader.DigitoolDownloader - Download 2413349 !
INFO main de.nrw.hbz.digitool.downloader.DigitoolDownloader - Directory /home/jan/zbmed/2413349 exists. Force override.
INFO main de.nrw.hbz.digitool.downloader.DigitoolDownloader - Download 2413427 !
INFO main de.nrw.hbz.digitool.downloader.DigitoolDownloader - Directory /home/jan/zbmed/2413427 exists. Force override.
INFO main de.nrw.hbz.digitool.downloader.DigitoolDownloader - Download 2846831 !
INFO main de.nrw.hbz.digitool.downloader.DigitoolDownloader - Directory /home/jan/zbmed/2846831 exists. Force override.
INFO main de.nrw.hbz.digitool.downloader.DigitoolDownloader - Download 3724084 !
INFO main de.nrw.hbz.digitool.downloader.DigitoolDownloader - Directory /home/jan/zbmed/3724084 exists. Force override.
INFO main de.nrw.hbz.digitool.downloader.DigitoolDownloader - Download 4404267 !
INFO main de.nrw.hbz.digitool.downloader.DigitoolDownloader - Directory /home/jan/zbmed/4404267 exists. Force override.
INFO main de.nrw.hbz.digitool.downloader.DigitoolDownloader - Download 4404307 !
INFO main de.nrw.hbz.digitool.downloader.DigitoolDownloader - Directory /home/jan/zbmed/4404307 exists. Force override.
INFO main de.nrw.hbz.digitool.downloader.DigitoolDownloader - Download 4404310 !
INFO main de.nrw.hbz.digitool.downloader.DigitoolDownloader - Directory /home/jan/zbmed/4404310 exists. Force override.
INFO main de.nrw.hbz.digitool.downloader.DigitoolDownloader - Download 4404313 !
INFO main de.nrw.hbz.digitool.downloader.DigitoolDownloader - Directory /home/jan/zbmed/4404313 exists. Force override.
INFO main de.nrw.hbz.digitool.downloader.DigitoolDownloader - Download 4403308 !
INFO main de.nrw.hbz.digitool.downloader.DigitoolDownloader - Directory /home/jan/zbmed/4403308 exists. Force override.
INFO main de.nrw.hbz.digitool.downloader.DigitoolDownloader - Download 4404319 !
INFO main de.nrw.hbz.digitool.downloader.DigitoolDownloader - Directory /home/jan/zbmed/4404319 exists. Force override.
INFO main de.nrw.hbz.digitool.downloader.DigitoolDownloader - Download 4404615 !
INFO main de.nrw.hbz.digitool.downloader.DigitoolDownloader - Directory /home/jan/zbmed/4404615 exists. Force override.
INFO main de.nrw.hbz.digitool.downloader.DigitoolDownloader - Download 4404623 !
INFO main de.nrw.hbz.digitool.downloader.DigitoolDownloader - Directory /home/jan/zbmed/4404623 exists. Force override.
INFO main de.nrw.hbz.digitool.downloader.DigitoolDownloader - Download 4406549 !
INFO main de.nrw.hbz.digitool.downloader.DigitoolDownloader - Directory /home/jan/zbmed/4406549 exists. Force override.
INFO main de.nrw.hbz.digitool.downloader.DigitoolDownloader - Download 4406586 !
INFO main de.nrw.hbz.digitool.downloader.DigitoolDownloader - Directory /home/jan/zbmed/4406586 exists. Force override.
INFO main de.nrw.hbz.digitool.downloader.DigitoolDownloader - Download 4406590 !
INFO main de.nrw.hbz.digitool.downloader.DigitoolDownloader - Directory /home/jan/zbmed/4406590 exists. Force override.
INFO main de.nrw.hbz.digitool.downloader.DigitoolDownloader - Download 4406602 !
INFO main de.nrw.hbz.digitool.downloader.DigitoolDownloader - Directory /home/jan/zbmed/4406602 exists. Force override.
INFO main de.nrw.hbz.digitool.downloader.DigitoolDownloader - Download 4404323 !
INFO main de.nrw.hbz.digitool.downloader.DigitoolDownloader - Directory /home/jan/zbmed/4404323 exists. Force override.
INFO main de.nrw.hbz.digitool.downloader.DigitoolDownloader - Download 4406606 !
INFO main de.nrw.hbz.digitool.downloader.DigitoolDownloader - Directory /home/jan/zbmed/4406606 exists. Force override.
INFO main de.nrw.hbz.digitool.downloader.DigitoolDownloader - Download 4406610 !
INFO main de.nrw.hbz.digitool.downloader.DigitoolDownloader - Directory /home/jan/zbmed/4406610 exists. Force override.
INFO main de.nrw.hbz.digitool.downloader.DigitoolDownloader - Download 4406615 !
INFO main de.nrw.hbz.digitool.downloader.DigitoolDownloader - Directory /home/jan/zbmed/4406615 exists. Force override.
INFO main de.nrw.hbz.digitool.downloader.DigitoolDownloader - Download 4406614 !
INFO main de.nrw.hbz.digitool.downloader.DigitoolDownloader - Directory /home/jan/zbmed/4406614 exists. Force override.
INFO main de.nrw.hbz.digitool.downloader.DigitoolDownloader - Download 4406622 !
INFO main de.nrw.hbz.digitool.downloader.DigitoolDownloader - Directory /home/jan/zbmed/4406622 exists. Force override.
INFO main de.nrw.hbz.digitool.downloader.DigitoolDownloader - Download 4406638 !
INFO main de.nrw.hbz.digitool.downloader.DigitoolDownloader - Directory /home/jan/zbmed/4406638 exists. Force override.
INFO main de.nrw.hbz.digitool.downloader.DigitoolDownloader - Download 4406967 !
INFO main de.nrw.hbz.digitool.downloader.DigitoolDownloader - Directory /home/jan/zbmed/4406967 exists. Force override.
INFO main de.nrw.hbz.digitool.downloader.DigitoolDownloader - Download 4406987 !
INFO main de.nrw.hbz.digitool.downloader.DigitoolDownloader - Directory /home/jan/zbmed/4406987 exists. Force override.
INFO main de.nrw.hbz.digitool.downloader.DigitoolDownloader - Download 4407467 !
INFO main de.nrw.hbz.digitool.downloader.DigitoolDownloader - Directory /home/jan/zbmed/4407467 exists. Force override.
INFO main de.nrw.hbz.digitool.downloader.DigitoolDownloader - Download 4409181 !
INFO main de.nrw.hbz.digitool.downloader.DigitoolDownloader - Directory /home/jan/zbmed/4409181 exists. Force override.
INFO main de.nrw.hbz.digitool.downloader.DigitoolDownloader - Download 4409701 !
INFO main de.nrw.hbz.digitool.downloader.DigitoolDownloader - Directory /home/jan/zbmed/4409701 exists. Force override.
INFO main de.nrw.hbz.digitool.downloader.DigitoolDownloader - Download 4409705 !
INFO main de.nrw.hbz.digitool.downloader.DigitoolDownloader - Directory /home/jan/zbmed/4409705 exists. Force override.
INFO main de.nrw.hbz.digitool.downloader.DigitoolDownloader - Download 4409708 !
INFO main de.nrw.hbz.digitool.downloader.DigitoolDownloader - Directory /home/jan/zbmed/4409708 exists. Force override.
INFO main de.nrw.hbz.digitool.downloader.DigitoolDownloader - Download 4407471 !
INFO main de.nrw.hbz.digitool.downloader.DigitoolDownloader - Directory /home/jan/zbmed/4407471 exists. Force override.
INFO main de.nrw.hbz.digitool.downloader.DigitoolDownloader - Download 4409712 !
INFO main de.nrw.hbz.digitool.downloader.DigitoolDownloader - Directory /home/jan/zbmed/4409712 exists. Force override.
INFO main de.nrw.hbz.digitool.downloader.DigitoolDownloader - Download 4409715 !
INFO main de.nrw.hbz.digitool.downloader.DigitoolDownloader - Directory /home/jan/zbmed/4409715 exists. Force override.
INFO main de.nrw.hbz.digitool.downloader.DigitoolDownloader - Download 4409718 !
INFO main de.nrw.hbz.digitool.downloader.DigitoolDownloader - Directory /home/jan/zbmed/4409718 exists. Force override.
INFO main de.nrw.hbz.digitool.downloader.DigitoolDownloader - Download 4409722 !
INFO main de.nrw.hbz.digitool.downloader.DigitoolDownloader - Directory /home/jan/zbmed/4409722 exists. Force override.
INFO main de.nrw.hbz.digitool.downloader.DigitoolDownloader - Download 4414240 !
INFO main de.nrw.hbz.digitool.downloader.DigitoolDownloader - Directory /home/jan/zbmed/4414240 exists. Force override.
INFO main de.nrw.hbz.digitool.downloader.DigitoolDownloader - Download 4414257 !
INFO main de.nrw.hbz.digitool.downloader.DigitoolDownloader - Directory /home/jan/zbmed/4414257 exists. Force override.
INFO main de.nrw.hbz.digitool.downloader.DigitoolDownloader - Download 4414266 !
INFO main de.nrw.hbz.digitool.downloader.DigitoolDownloader - Directory /home/jan/zbmed/4414266 exists. Force override.
INFO main de.nrw.hbz.digitool.downloader.DigitoolDownloader - Download 4430187 !
INFO main de.nrw.hbz.digitool.downloader.DigitoolDownloader - Create Directory /home/jan/zbmed/4430187 and start to Download files
INFO main de.nrw.hbz.digitool.downloader.DigitoolDownloader - Download 4430207 !
INFO main de.nrw.hbz.digitool.downloader.DigitoolDownloader - Create Directory /home/jan/zbmed/4430207 and start to Download files
INFO main de.nrw.hbz.digitool.downloader.DigitoolDownloader - Download 4430209 !
INFO main de.nrw.hbz.digitool.downloader.DigitoolDownloader - Create Directory /home/jan/zbmed/4430209 and start to Download files
INFO main de.nrw.hbz.digitool.downloader.DigitoolDownloader - Download 4430212 !
INFO main de.nrw.hbz.digitool.downloader.DigitoolDownloader - Create Directory /home/jan/zbmed/4430212 and start to Download files
INFO main de.nrw.hbz.digitool.downloader.DigitoolDownloader - Download 4430214 !
INFO main de.nrw.hbz.digitool.downloader.DigitoolDownloader - Create Directory /home/jan/zbmed/4430214 and start to Download files
INFO main de.nrw.hbz.digitool.downloader.DigitoolDownloader - Download 4430219 !
INFO main de.nrw.hbz.digitool.downloader.DigitoolDownloader - Create Directory /home/jan/zbmed/4430219 and start to Download files
INFO main de.nrw.hbz.digitool.downloader.DigitoolDownloader - Download 4430227 !
INFO main de.nrw.hbz.digitool.downloader.DigitoolDownloader - Create Directory /home/jan/zbmed/4430227 and start to Download files
INFO main de.nrw.hbz.digitool.downloader.DigitoolDownloader - Download 4430230 !
INFO main de.nrw.hbz.digitool.downloader.DigitoolDownloader - Create Directory /home/jan/zbmed/4430230 and start to Download files
INFO main de.nrw.hbz.digitool.downloader.DigitoolDownloader - Download 4430899 !
INFO main de.nrw.hbz.digitool.downloader.DigitoolDownloader - Create Directory /home/jan/zbmed/4430899 and start to Download files
